-------------------------------------------------------------------------------
Test set: br.com.root.MeuProgramaApplicationTests
-------------------------------------------------------------------------------
Tests run: 1, Failures: 0, Errors: 1, Skipped: 0, Time elapsed: 5.325 s <<< FAILURE! - in br.com.root.MeuProgramaApplicationTests
contextLoads(br.com.root.MeuProgramaApplicationTests)  Time elapsed: 0.01 s  <<< ERROR!
java.lang.IllegalStateException: Failed to load ApplicationContext
Caused by: org.springframework.beans.factory.BeanCreationException: Error creating bean with name 'flywayInitializer' defined in class path resource [org/springframework/boot/autoconfigure/flyway/FlywayAutoConfiguration$FlywayConfiguration.class]: Invocation of init method failed; nested exception is org.flywaydb.core.api.FlywayException: Validate failed: Detected failed migration to version 1 (Criacao tabela pessoa)
Caused by: org.flywaydb.core.api.FlywayException: Validate failed: Detected failed migration to version 1 (Criacao tabela pessoa)

